<?xml version="1.0" encoding="UTF-8"?>
<!-- Generated by org.testng.reporters.JUnitReportReporter -->
<testsuite skipped="0" hostname="Dosi" name="com.alg.tests.LoginTests" tests="2" failures="0" timestamp="04 Mar 2019 03:35:52 GMT" time="47.743" errors="0">
  <testcase name="invalidLoginTest_InvalidUserNameInvalidPassword" time="25.537" classname="com.alg.tests.LoginTests"/>
  <testcase name="invalidLoginTest_EmptyUserEmptyPassword" time="22.206" classname="com.alg.tests.LoginTests"/>
</testsuite> <!-- com.alg.tests.LoginTests -->
