<?xml version="1.0" encoding="UTF-8"?>
<!-- Generated by org.testng.reporters.JUnitReportReporter -->
<testsuite skipped="0" hostname="Dosi" name="com.tesla.tests.RubikloudAssessmentTests" tests="2" failures="0" timestamp="08 Apr 2019 05:35:17 GMT" time="48.996" errors="0">
  <testcase name="checkAutopilotFeeInTotalCash" time="27.276" classname="com.tesla.tests.RubikloudAssessmentTests"/>
  <testcase name="checkCarbonImpactCanada" time="21.720" classname="com.tesla.tests.RubikloudAssessmentTests"/>
</testsuite> <!-- com.tesla.tests.RubikloudAssessmentTests -->
