<?xml version="1.0" encoding="UTF-8"?>
<!-- Generated by org.testng.reporters.JUnitReportReporter -->
<testsuite skipped="0" hostname="Dosi" name="com.tesla.tests.RubikloudAssessmentTests" tests="2" failures="0" timestamp="08 Apr 2019 05:38:56 GMT" time="49.039" errors="0">
  <testcase name="checkAutopilotFeeInTotalCash" time="27.229" classname="com.tesla.tests.RubikloudAssessmentTests"/>
  <testcase name="checkCarbonImpactCanada" time="21.810" classname="com.tesla.tests.RubikloudAssessmentTests"/>
</testsuite> <!-- com.tesla.tests.RubikloudAssessmentTests -->
